#
# There is insufficient memory for the Java Runtime Environment to continue.
# Native memory allocation (malloc) failed to allocate 32756 bytes for ChunkPool::allocate
# Possible reasons:
#   The system is out of physical RAM or swap space
#   In 32 bit mode, the process size limit was hit
# Possible solutions:
#   Reduce memory load on the system
#   Increase physical memory or swap space
#   Check if swap backing store is full
#   Use 64 bit Java on a 64 bit OS
#   Decrease Java heap size (-Xmx/-Xms)
#   Decrease number of Java threads
#   Decrease Java thread stack sizes (-Xss)
#   Set larger code cache with -XX:ReservedCodeCacheSize=
# This output file may be truncated or incomplete.
#
#  Out of Memory Error (allocation.cpp:272), pid=8812, tid=0x00005f9c
#
# JRE version: Java(TM) SE Runtime Environment (8.0_281-b09) (build 1.8.0_281-b09)
# Java VM: Java HotSpot(TM) Client VM (25.281-b09 mixed mode, sharing windows-x86 )
# Failed to write core dump. Minidumps are not enabled by default on client versions of Windows
#

---------------  T H R E A D  ---------------

Current thread (0x00a7e400):  VMThread [stack: 0x14ac0000,0x14b10000] [id=24476]

Stack: [0x14ac0000,0x14b10000],  sp=0x14b0e910,  free space=314k
Native frames: (J=compiled Java code, j=interpreted, Vv=VM code, C=native code)
V  [jvm.dll+0x1b82ce]
V  [jvm.dll+0x1b0753]
V  [jvm.dll+0x91841]
V  [jvm.dll+0x9141b]
V  [jvm.dll+0x91ba7]
V  [jvm.dll+0xa9784]
V  [jvm.dll+0x18b19c]
V  [jvm.dll+0x18ba3d]
V  [jvm.dll+0x18ae85]
V  [jvm.dll+0x9cdf3]
V  [jvm.dll+0x9d2a9]
V  [jvm.dll+0x7baeb]
V  [jvm.dll+0x1c72da]
V  [jvm.dll+0x18ffc9]
V  [jvm.dll+0x18ead8]
V  [jvm.dll+0x18f1c9]
V  [jvm.dll+0x18f482]
V  [jvm.dll+0x1cf04b]
C  [ucrtbase.dll+0x438df]
C  [KERNEL32.DLL+0x16359]
C  [ntdll.dll+0x68944]
C  [ntdll.dll+0x68914]

VM_Operation (0x15a4b40c): CollectForMetadataAllocation, mode: safepoint, requested by thread 0x16d10c00


---------------  P R O C E S S  ---------------

Java Threads: ( => current thread )
  0x17956000 JavaThread "AsyncHttpClient-1-3" daemon [_thread_in_native, id=11536, stack(0x1a530000,0x1a580000)]
  0x17954800 JavaThread "Exec Stream Pumper" daemon [_thread_in_native, id=10140, stack(0x1a6e0000,0x1a730000)]
  0x17956c00 JavaThread "Exec Stream Pumper" daemon [_thread_in_native, id=7776, stack(0x1a650000,0x1a6a0000)]
  0x17955c00 JavaThread "Thread-7" [_thread_blocked, id=24156, stack(0x1a5c0000,0x1a610000)]
  0x17957c00 JavaThread "Exec Default Executor" daemon [_thread_in_native, id=16452, stack(0x18e30000,0x18e80000)]
  0x17957400 JavaThread "AsyncHttpClient-1-2" daemon [_thread_in_native, id=7488, stack(0x15a90000,0x15ae0000)]
  0x17955400 JavaThread "Keep-Alive-Timer" daemon [_thread_blocked, id=16720, stack(0x19290000,0x192e0000)]
  0x1794ec00 JavaThread "Exec Stream Pumper" daemon [_thread_in_native, id=5480, stack(0x19100000,0x19150000)]
  0x17825800 JavaThread "Exec Stream Pumper" daemon [_thread_in_native, id=18952, stack(0x19070000,0x190c0000)]
  0x17831000 JavaThread "UrlChecker-2" daemon [_thread_blocked, id=12380, stack(0x18f50000,0x18fa0000)]
  0x16c18c00 JavaThread "Thread-5" [_thread_blocked, id=22436, stack(0x18ec0000,0x18f10000)]
  0x17811000 JavaThread "Exec Default Executor" daemon [_thread_in_native, id=23132, stack(0x18da0000,0x18df0000)]
  0x15835c00 JavaThread "AsyncHttpClient-1-1" daemon [_thread_blocked, id=21084, stack(0x18a10000,0x18a60000)]
  0x16d10c00 JavaThread "TestNG" [_thread_blocked, id=24208, stack(0x15a00000,0x15a50000)]
  0x16bfa000 JavaThread "surefire-forkedjvm-command-thread" daemon [_thread_in_native, id=25544, stack(0x15970000,0x159c0000)]
  0x00b00000 JavaThread "Service Thread" daemon [_thread_blocked, id=21576, stack(0x15550000,0x155a0000)]
  0x00af5c00 JavaThread "C1 CompilerThread0" daemon [_thread_blocked, id=19808, stack(0x14e90000,0x14ee0000)]
  0x00af4c00 JavaThread "Attach Listener" daemon [_thread_blocked, id=21016, stack(0x14e00000,0x14e50000)]
  0x00af3000 JavaThread "Signal Dispatcher" daemon [_thread_blocked, id=11464, stack(0x14d70000,0x14dc0000)]
  0x00ae1000 JavaThread "Finalizer" daemon [_thread_blocked, id=25772, stack(0x14be0000,0x14c30000)]
  0x00a81800 JavaThread "Reference Handler" daemon [_thread_blocked, id=16904, stack(0x14b50000,0x14ba0000)]
  0x00a58400 JavaThread "main" [_thread_blocked, id=16460, stack(0x02410000,0x02460000)]

Other Threads:
=>0x00a7e400 VMThread [stack: 0x14ac0000,0x14b10000] [id=24476]
  0x155a8800 WatcherThread [stack: 0x156e0000,0x15730000] [id=16724]

VM state:at safepoint (normal execution)

VM Mutex/Monitor currently owned by a thread:  ([mutex/lock_event])
[0x00a55df0] Threads_lock - owner thread: 0x00a7e400
[0x00a568e8] Heap_lock - owner thread: 0x16d10c00

OutOfMemory and StackOverflow Exception counts:
OutOfMemoryError java_heap_errors=3

Heap:
 def new generation   total 9088K, used 4348K [0x04600000, 0x04fd0000, 0x09b50000)
  eden space 8128K,  43% used [0x04600000, 0x0497dfc8, 0x04df0000)
  from space 960K,  80% used [0x04df0000, 0x04eb10c0, 0x04ee0000)
  to   space 960K,   0% used [0x04ee0000, 0x04ee0000, 0x04fd0000)
 tenured generation   total 20008K, used 10493K [0x09b50000, 0x0aeda000, 0x14600000)
   the space 20008K,  52% used [0x09b50000, 0x0a58f548, 0x0a58f600, 0x0aeda000)
 Metaspace       used 19545K, capacity 20710K, committed 20736K, reserved 22912K

Card table byte_map: [0x04520000,0x045b0000] byte_map_base: 0x044fd000

Polling page: 0x02460000

CodeCache: size=32768Kb used=2760Kb max_used=2760Kb free=30007Kb
 bounds [0x024a0000, 0x02758000, 0x044a0000]
 total_blobs=1726 nmethods=1499 adapters=158
 compilation: enabled

Compilation events (10 events):
Event: 6.603 Thread 0x00af5c00 nmethod 1515 0x0274fb08 code [0x0274fc10, 0x0274fcfc]
Event: 6.636 Thread 0x00af5c00 1516             sun.util.calendar.CalendarDate::isNormalized (5 bytes)
Event: 6.636 Thread 0x00af5c00 nmethod 1516 0x0274fe08 code [0x0274ff00, 0x0274ff80]
Event: 6.637 Thread 0x00af5c00 1517             sun.util.calendar.Gregorian$Date::getNormalizedYear (5 bytes)
Event: 6.637 Thread 0x00af5c00 nmethod 1517 0x0274ffc8 code [0x027500c0, 0x02750140]
Event: 6.638 Thread 0x00af5c00 1518  s          java.util.Vector::size (5 bytes)
Event: 6.638 Thread 0x00af5c00 nmethod 1518 0x02750188 code [0x02750280, 0x02750440]
Event: 6.639 Thread 0x00af5c00 1519             freemarker.template.Template$LineTableBuilder::handleChar (202 bytes)
Event: 6.641 Thread 0x00af5c00 nmethod 1519 0x027504c8 code [0x02750710, 0x0275150c]
Event: 6.641 Thread 0x00af5c00 1520   !         freemarker.core.FMParserTokenManager::jjMoveNfa_2 (4938 bytes)

GC Heap History (10 events):
Event: 5.549 GC heap after
Heap after GC invocations=60 (full 3):
 def new generation   total 9088K, used 0K [0x04600000, 0x04fd0000, 0x09b50000)
  eden space 8128K,   0% used [0x04600000, 0x04600000, 0x04df0000)
  from space 960K,   0% used [0x04df0000, 0x04df0000, 0x04ee0000)
  to   space 960K,   0% used [0x04ee0000, 0x04ee0000, 0x04fd0000)
 tenured generation   total 20008K, used 9416K [0x09b50000, 0x0aeda000, 0x14600000)
   the space 20008K,  47% used [0x09b50000, 0x0a482040, 0x0a482200, 0x0aeda000)
 Metaspace       used 18391K, capacity 19453K, committed 19584K, reserved 19840K
}
Event: 5.683 GC heap before
{Heap before GC invocations=60 (full 3):
 def new generation   total 9088K, used 8128K [0x04600000, 0x04fd0000, 0x09b50000)
  eden space 8128K, 100% used [0x04600000, 0x04df0000, 0x04df0000)
  from space 960K,   0% used [0x04df0000, 0x04df0000, 0x04ee0000)
  to   space 960K,   0% used [0x04ee0000, 0x04ee0000, 0x04fd0000)
 tenured generation   total 20008K, used 9416K [0x09b50000, 0x0aeda000, 0x14600000)
   the space 20008K,  47% used [0x09b50000, 0x0a482040, 0x0a482200, 0x0aeda000)
 Metaspace       used 18618K, capacity 19726K, committed 19840K, reserved 19840K
Event: 5.689 GC heap after
Heap after GC invocations=61 (full 3):
 def new generation   total 9088K, used 921K [0x04600000, 0x04fd0000, 0x09b50000)
  eden space 8128K,   0% used [0x04600000, 0x04600000, 0x04df0000)
  from space 960K,  95% used [0x04ee0000, 0x04fc64f8, 0x04fd0000)
  to   space 960K,   0% used [0x04df0000, 0x04df0000, 0x04ee0000)
 tenured generation   total 20008K, used 9416K [0x09b50000, 0x0aeda000, 0x14600000)
   the space 20008K,  47% used [0x09b50000, 0x0a482040, 0x0a482200, 0x0aeda000)
 Metaspace       used 18618K, capacity 19726K, committed 19840K, reserved 19840K
}
Event: 6.364 GC heap before
{Heap before GC invocations=61 (full 3):
 def new generation   total 9088K, used 9049K [0x04600000, 0x04fd0000, 0x09b50000)
  eden space 8128K, 100% used [0x04600000, 0x04df0000, 0x04df0000)
  from space 960K,  95% used [0x04ee0000, 0x04fc64f8, 0x04fd0000)
  to   space 960K,   0% used [0x04df0000, 0x04df0000, 0x04ee0000)
 tenured generation   total 20008K, used 9416K [0x09b50000, 0x0aeda000, 0x14600000)
   the space 20008K,  47% used [0x09b50000, 0x0a482040, 0x0a482200, 0x0aeda000)
 Metaspace       used 18626K, capacity 19726K, committed 19840K, reserved 19840K
Event: 6.368 GC heap after
Heap after GC invocations=62 (full 3):
 def new generation   total 9088K, used 431K [0x04600000, 0x04fd0000, 0x09b50000)
  eden space 8128K,   0% used [0x04600000, 0x04600000, 0x04df0000)
  from space 960K,  44% used [0x04df0000, 0x04e5bf58, 0x04ee0000)
  to   space 960K,   0% used [0x04ee0000, 0x04ee0000, 0x04fd0000)
 tenured generation   total 20008K, used 10078K [0x09b50000, 0x0aeda000, 0x14600000)
   the space 20008K,  50% used [0x09b50000, 0x0a5278b0, 0x0a527a00, 0x0aeda000)
 Metaspace       used 18626K, capacity 19726K, committed 19840K, reserved 19840K
}
Event: 6.475 GC heap before
{Heap before GC invocations=62 (full 3):
 def new generation   total 9088K, used 8559K [0x04600000, 0x04fd0000, 0x09b50000)
  eden space 8128K, 100% used [0x04600000, 0x04df0000, 0x04df0000)
  from space 960K,  44% used [0x04df0000, 0x04e5bf58, 0x04ee0000)
  to   space 960K,   0% used [0x04ee0000, 0x04ee0000, 0x04fd0000)
 tenured generation   total 20008K, used 10078K [0x09b50000, 0x0aeda000, 0x14600000)
   the space 20008K,  50% used [0x09b50000, 0x0a5278b0, 0x0a527a00, 0x0aeda000)
 Metaspace       used 18822K, capacity 20006K, committed 20096K, reserved 20864K
Event: 6.481 GC heap after
Heap after GC invocations=63 (full 3):
 def new generation   total 9088K, used 780K [0x04600000, 0x04fd0000, 0x09b50000)
  eden space 8128K,   0% used [0x04600000, 0x04600000, 0x04df0000)
  from space 960K,  81% used [0x04ee0000, 0x04fa3160, 0x04fd0000)
  to   space 960K,   0% used [0x04df0000, 0x04df0000, 0x04ee0000)
 tenured generation   total 20008K, used 10078K [0x09b50000, 0x0aeda000, 0x14600000)
   the space 20008K,  50% used [0x09b50000, 0x0a5278b0, 0x0a527a00, 0x0aeda000)
 Metaspace       used 18822K, capacity 20006K, committed 20096K, reserved 20864K
}
Event: 6.617 GC heap before
{Heap before GC invocations=63 (full 3):
 def new generation   total 9088K, used 8908K [0x04600000, 0x04fd0000, 0x09b50000)
  eden space 8128K, 100% used [0x04600000, 0x04df0000, 0x04df0000)
  from space 960K,  81% used [0x04ee0000, 0x04fa3160, 0x04fd0000)
  to   space 960K,   0% used [0x04df0000, 0x04df0000, 0x04ee0000)
 tenured generation   total 20008K, used 10078K [0x09b50000, 0x0aeda000, 0x14600000)
   the space 20008K,  50% used [0x09b50000, 0x0a5278b0, 0x0a527a00, 0x0aeda000)
 Metaspace       used 19462K, capacity 20646K, committed 20736K, reserved 20864K
Event: 6.621 GC heap after
Heap after GC invocations=64 (full 3):
 def new generation   total 9088K, used 772K [0x04600000, 0x04fd0000, 0x09b50000)
  eden space 8128K,   0% used [0x04600000, 0x04600000, 0x04df0000)
  from space 960K,  80% used [0x04df0000, 0x04eb10c0, 0x04ee0000)
  to   space 960K,   0% used [0x04ee0000, 0x04ee0000, 0x04fd0000)
 tenured generation   total 20008K, used 10493K [0x09b50000, 0x0aeda000, 0x14600000)
   the space 20008K,  52% used [0x09b50000, 0x0a58f548, 0x0a58f600, 0x0aeda000)
 Metaspace       used 19462K, capacity 20646K, committed 20736K, reserved 20864K
}
Event: 6.652 GC heap before
{Heap before GC invocations=64 (full 3):
 def new generation   total 9088K, used 4348K [0x04600000, 0x04fd0000, 0x09b50000)
  eden space 8128K,  43% used [0x04600000, 0x0497dfc8, 0x04df0000)
  from space 960K,  80% used [0x04df0000, 0x04eb10c0, 0x04ee0000)
  to   space 960K,   0% used [0x04ee0000, 0x04ee0000, 0x04fd0000)
 tenured generation   total 20008K, used 10493K [0x09b50000, 0x0aeda000, 0x14600000)
   the space 20008K,  52% used [0x09b50000, 0x0a58f548, 0x0a58f600, 0x0aeda000)
 Metaspace       used 19545K, capacity 20710K, committed 20736K, reserved 22912K

Deoptimization events (0 events):
No events

Classes redefined (0 events):
No events

Internal exceptions (10 events):
Event: 6.211 Thread 0x17831000 Exception <a 'java/net/SocketTimeoutException': connect timed out> (0x047452a0) thrown at [C:\jenkins\workspace\8-2-build-windows-i586-cygwin\jdk8u281\880\hotspot\src\share\vm\prims\jni.cpp, line 737]
Event: 6.328 Thread 0x17956000 Exception <a 'java/lang/OutOfMemoryError'> (0x04b39690) thrown at [C:\jenkins\workspace\8-2-build-windows-i586-cygwin\jdk8u281\880\hotspot\src\share\vm\prims\unsafe.cpp, line 618]
Event: 6.328 Thread 0x17956000 Exception <a 'java/lang/OutOfMemoryError'> (0x04b39690) thrown at [C:\jenkins\workspace\8-2-build-windows-i586-cygwin\jdk8u281\880\hotspot\src\share\vm\prims\jni.cpp, line 710]
Event: 6.329 Thread 0x16d10c00 Exception <a 'java/lang/NullPointerException'> (0x04b02090) thrown at [C:\jenkins\workspace\8-2-build-windows-i586-cygwin\jdk8u281\880\hotspot\src\share\vm\interpreter\linkResolver.cpp, line 1185]
Event: 6.336 Thread 0x16d10c00 Exception <a 'java/lang/reflect/InvocationTargetException'> (0x04b5ff70) thrown at [C:\jenkins\workspace\8-2-build-windows-i586-cygwin\jdk8u281\880\hotspot\src\share\vm\runtime\reflection.cpp, line 1092]
Event: 6.339 Thread 0x16d10c00 Exception <a 'java/lang/reflect/InvocationTargetException'> (0x04ca3968) thrown at [C:\jenkins\workspace\8-2-build-windows-i586-cygwin\jdk8u281\880\hotspot\src\share\vm\runtime\reflection.cpp, line 1092]
Event: 6.372 Thread 0x16d10c00 Exception <a 'java/lang/reflect/InvocationTargetException'> (0x04642e10) thrown at [C:\jenkins\workspace\8-2-build-windows-i586-cygwin\jdk8u281\880\hotspot\src\share\vm\runtime\reflection.cpp, line 1092]
Event: 6.373 Thread 0x16d10c00 Exception <a 'java/lang/reflect/InvocationTargetException'> (0x04680738) thrown at [C:\jenkins\workspace\8-2-build-windows-i586-cygwin\jdk8u281\880\hotspot\src\share\vm\runtime\reflection.cpp, line 1092]
Event: 6.407 Thread 0x16d10c00 Exception <a 'java/lang/ArrayIndexOutOfBoundsException'> (0x04845e78) thrown at [C:\jenkins\workspace\8-2-build-windows-i586-cygwin\jdk8u281\880\hotspot\src\share\vm\runtime\sharedRuntime.cpp, line 609]
Event: 6.422 Thread 0x16d10c00 Exception <a 'java/lang/ArrayIndexOutOfBoundsException'> (0x04979ed0) thrown at [C:\jenkins\workspace\8-2-build-windows-i586-cygwin\jdk8u281\880\hotspot\src\share\vm\runtime\sharedRuntime.cpp, line 609]

Events (10 events):
Event: 6.649 loading class freemarker/core/BuiltInsForNodes$childrenBI done
Event: 6.650 loading class freemarker/core/BuiltInsForStringsBasic$chop_linebreakBI
Event: 6.650 loading class freemarker/core/BuiltInsForStringsBasic$chop_linebreakBI done
Event: 6.650 loading class freemarker/core/BuiltInsForStringsBasic$containsBI
Event: 6.650 loading class freemarker/core/BuiltInsForStringsBasic$containsBI done
Event: 6.651 loading class freemarker/core/BuiltInsForMultipleTypes$dateBI
Event: 6.651 loading class freemarker/core/BuiltInsForMultipleTypes$dateBI done
Event: 6.651 loading class freemarker/core/BuiltInsForDates$dateType_if_unknownBI
Event: 6.651 loading class freemarker/core/BuiltInsForDates$dateType_if_unknownBI done
Event: 6.652 Executing VM operation: CollectForMetadataAllocation


Dynamic libraries:
0x00130000 - 0x0016e000 	C:\Program Files (x86)\Java\jdk8\jre\bin\java.exe
0x776c0000 - 0x7785a000 	C:\windows\SYSTEM32\ntdll.dll
0x760b0000 - 0x76190000 	C:\windows\System32\KERNEL32.DLL
0x763f0000 - 0x765ef000 	C:\windows\System32\KERNELBASE.dll
0x74ac0000 - 0x74b5f000 	C:\windows\SYSTEM32\apphelp.dll
0x74f40000 - 0x74fb9000 	C:\windows\System32\ADVAPI32.dll
0x76330000 - 0x763ef000 	C:\windows\System32\msvcrt.dll
0x753f0000 - 0x75466000 	C:\windows\System32\sechost.dll
0x775f0000 - 0x776ab000 	C:\windows\System32\RPCRT4.dll
0x74e90000 - 0x74eb5000 	C:\windows\System32\SspiCli.dll
0x74e80000 - 0x74e8a000 	C:\windows\System32\CRYPTBASE.dll
0x74ee0000 - 0x74f40000 	C:\windows\System32\bcryptPrimitives.dll
0x75f10000 - 0x760a8000 	C:\windows\System32\USER32.dll
0x75a10000 - 0x75a27000 	C:\windows\System32\win32u.dll
0x76b40000 - 0x76b61000 	C:\windows\System32\GDI32.dll
0x74fc0000 - 0x7511d000 	C:\windows\System32\gdi32full.dll
0x75e90000 - 0x75f0c000 	C:\windows\System32\msvcp_win.dll
0x774c0000 - 0x775e0000 	C:\windows\System32\ucrtbase.dll
0x6d5c0000 - 0x6d7cf000 	C:\windows\WinSxS\x86_microsoft.windows.common-controls_6595b64144ccf1df_6.0.18362.1377_none_e62d581af8d8b688\COMCTL32.dll
0x75120000 - 0x75396000 	C:\windows\System32\combase.dll
0x77300000 - 0x77325000 	C:\windows\System32\IMM32.DLL
0x74e10000 - 0x74e3f000 	C:\Program Files (x86)\Citrix\HDX\bin\MfApHook.dll
0x74e00000 - 0x74e0f000 	C:\Program Files (x86)\Citrix\HDX\bin\FullScreenHook.dll
0x791b0000 - 0x7921f000 	C:\Program Files (x86)\Java\jdk8\jre\bin\MSVCP140.dll
0x5ff90000 - 0x5ffa3000 	C:\Program Files (x86)\Java\jdk8\jre\bin\VCRUNTIME140.dll
0x74d40000 - 0x74d63000 	C:\Program Files (x86)\Citrix\HDX\bin\ShellHook.dll
0x75df0000 - 0x75e34000 	C:\windows\System32\SHLWAPI.dll
0x74c70000 - 0x74d36000 	C:\Program Files (x86)\Citrix\HDX\bin\SCardHook.dll
0x74c30000 - 0x74c62000 	C:\Program Files (x86)\Citrix\HDX\bin\twnhook.dll
0x74c00000 - 0x74c28000 	C:\Program Files (x86)\Citrix\HDX\bin\CtxWsApi.dll
0x765f0000 - 0x766e7000 	C:\windows\System32\ole32.dll
0x74e40000 - 0x74e72000 	C:\windows\SYSTEM32\IPHLPAPI.DLL
0x74b80000 - 0x74bf0000 	C:\Program Files (x86)\Citrix\HDX\bin\PicaWsApi.dll
0x74bf0000 - 0x74bf8000 	C:\Program Files (x86)\Citrix\HDX\bin\CtxInstallHelper.dll
0x76c90000 - 0x76d22000 	C:\windows\System32\OLEAUT32.dll
0x74b60000 - 0x74b7b000 	C:\Program Files (x86)\Citrix\HDX\bin\CxInjIme.dll
0x79220000 - 0x795fe000 	C:\Program Files (x86)\Java\jdk8\jre\bin\client\jvm.dll
0x75ad0000 - 0x75ad6000 	C:\windows\System32\PSAPI.DLL
0x72a20000 - 0x72a28000 	C:\windows\SYSTEM32\WSOCK32.dll
0x72b20000 - 0x72b44000 	C:\windows\SYSTEM32\WINMM.dll
0x75d90000 - 0x75dee000 	C:\windows\System32\WS2_32.dll
0x73f20000 - 0x73f28000 	C:\windows\SYSTEM32\VERSION.dll
0x729b0000 - 0x729d3000 	C:\windows\SYSTEM32\WINMMBASE.dll
0x76b70000 - 0x76bab000 	C:\windows\System32\cfgmgr32.dll
0x75bf0000 - 0x75bff000 	C:\windows\System32\kernel.appcore.dll
0x5fd80000 - 0x5fd8d000 	C:\Program Files (x86)\Java\jdk8\jre\bin\verify.dll
0x79600000 - 0x79624000 	C:\Program Files (x86)\Java\jdk8\jre\bin\java.dll
0x79630000 - 0x79644000 	C:\Program Files (x86)\Java\jdk8\jre\bin\zip.dll
0x75470000 - 0x759eb000 	C:\windows\System32\SHELL32.dll
0x761f0000 - 0x76273000 	C:\windows\System32\shcore.dll
0x76d30000 - 0x772ef000 	C:\windows\System32\windows.storage.dll
0x74ec0000 - 0x74edb000 	C:\windows\System32\profapi.dll
0x75e40000 - 0x75e83000 	C:\windows\System32\powrprof.dll
0x775e0000 - 0x775ed000 	C:\windows\System32\UMPDC.dll
0x759f0000 - 0x75a03000 	C:\windows\System32\cryptsp.dll
0x552d0000 - 0x552dc000 	C:\Program Files (x86)\Java\jdk8\jre\bin\management.dll
0x73550000 - 0x7357f000 	C:\windows\system32\rsaenh.dll
0x774a0000 - 0x774b9000 	C:\windows\System32\bcrypt.dll
0x74070000 - 0x7408e000 	C:\windows\SYSTEM32\USERENV.dll
0x79650000 - 0x79667000 	C:\Program Files (x86)\Java\jdk8\jre\bin\net.dll
0x74460000 - 0x744b2000 	C:\windows\system32\mswsock.dll
0x772f0000 - 0x772f7000 	C:\windows\System32\NSI.dll
0x6bd60000 - 0x6bd73000 	C:\windows\SYSTEM32\dhcpcsvc6.DLL
0x6bd40000 - 0x6bd55000 	C:\windows\SYSTEM32\dhcpcsvc.DLL
0x70220000 - 0x702b3000 	C:\windows\SYSTEM32\DNSAPI.dll
0x5fc70000 - 0x5fc7f000 	C:\Program Files (x86)\Java\jdk8\jre\bin\nio.dll
0x6f820000 - 0x6f828000 	C:\Windows\System32\rasadhlp.dll
0x6f7c0000 - 0x6f811000 	C:\windows\System32\fwpuclnt.dll
0x79670000 - 0x79693000 	C:\Program Files (x86)\Java\jdk8\jre\bin\sunec.dll
0x6bcd0000 - 0x6bce1000 	C:\windows\system32\napinsp.dll
0x6bcb0000 - 0x6bcc6000 	C:\windows\system32\pnrpnsp.dll
0x6bca0000 - 0x6bcab000 	C:\windows\System32\winrnr.dll
0x6bc80000 - 0x6bc96000 	C:\windows\system32\NLAapi.dll
0x6bc70000 - 0x6bc80000 	C:\windows\system32\wshbth.dll

VM Arguments:
java_command: C:\Users\rajansa\AppData\Local\Temp\surefire2123565727679244301\surefirebooter6139021978522797787.jar C:\Users\rajansa\AppData\Local\Temp\surefire2123565727679244301 2021-03-30T12-22-50_955-jvmRun1 surefire5640733225201840625tmp surefire_01485403831828937697tmp
java_class_path (initial): C:\Users\rajansa\AppData\Local\Temp\surefire2123565727679244301\surefirebooter6139021978522797787.jar
Launcher Type: SUN_STANDARD

Environment Variables:
PATH=C:/Program Files/Java/jre8/bin/server;C:/Program Files/Java/jre8/bin;C:/Program Files/Java/jre8/lib/amd64;C:\Program Files (x86)\Common Files\Oracle\Java\javapath;C:\Program Files\apache-maven-3.5.0\bin;C:\windows\system32;C:\windows;C:\windows\System32\Wbem;C:\windows\System32\WindowsPowerShell\v1.0\;C:\windows\System32\OpenSSH\;C:\Program Files (x86)\Plantronics\Spokes3G\;C:\Program Files (x86)\Citrix\HDX\bin\;C:\Program Files\Citrix\HDX\bin\;C:\windows\system32\config\systemprofile\AppData\Local\Microsoft\WindowsApps;C:\Program Files (x86)\Adaptiva\AdaptivaClient\bin\x32;C:\Program Files (x86)\Adaptiva\AdaptivaClient\bin\x64;C:\Users\rajansa\AppData\Local\Microsoft\WindowsApps;;C:\Program Files (x86)\Eclipse_Oxygen\eclipse;
USERNAME=rajansa
OS=Windows_NT
PROCESSOR_IDENTIFIER=Intel64 Family 6 Model 85 Stepping 7, GenuineIntel



---------------  S Y S T E M  ---------------

OS: Windows 10.0 , 64 bit Build 18362 (10.0.18362.1350)

CPU:total 2 (initial active 2) (1 cores per cpu, 2 threads per core) family 6 model 85 stepping 7, cmov, cx8, fxsr, mmx, sse, sse2, sse3, ssse3, sse4.1, sse4.2, popcnt, avx, avx2, aes, clmul, erms, rtm, 3dnowpref, lzcnt, ht, tsc, bmi1, bmi2, adx

Memory: 4k page, physical 8388148k(1094372k free), swap 10485040k(4096k free)

vm_info: Java HotSpot(TM) Client VM (25.281-b09) for windows-x86 JRE (1.8.0_281-b09), built on Dec  9 2020 12:52:05 by "" with MS VC++ 15.9 (VS2017)

time: Tue Mar 30 12:22:58 2021
timezone: India Standard Time
elapsed time: 6.696950 seconds (0d 0h 0m 6s)

