2021-03-30 20:39:21 INFO  DriverFactory:14 - Starting Test in Execution Mode : LOCAL
2021-03-30 20:39:21 INFO  Driver:41 - Browser name captured as runtime variable - edge
2021-03-30 20:39:21 INFO  Driver:56 - Instatiating Driver - EDGE
2021-03-30 20:39:21 DEBUG InternalLoggerFactory:53 - Using Log4J as the default logging framework
2021-03-30 20:39:21 DEBUG ResourceLeakDetector:130 - -Dio.netty.leakDetection.level: simple
2021-03-30 20:39:21 DEBUG ResourceLeakDetector:131 - -Dio.netty.leakDetection.targetRecords: 4
2021-03-30 20:39:21 DEBUG ResourceLeakDetectorFactory:196 - Loaded default ResourceLeakDetector: io.netty.util.ResourceLeakDetector@14eed68
2021-03-30 20:39:21 DEBUG PlatformDependent:1028 - Platform: Windows
2021-03-30 20:39:21 DEBUG PlatformDependent0:417 - -Dio.netty.noUnsafe: false
2021-03-30 20:39:21 DEBUG PlatformDependent0:889 - Java version: 8
2021-03-30 20:39:21 DEBUG PlatformDependent0:130 - sun.misc.Unsafe.theUnsafe: available
2021-03-30 20:39:21 DEBUG PlatformDependent0:154 - sun.misc.Unsafe.copyMemory: available
2021-03-30 20:39:21 DEBUG PlatformDependent0:192 - java.nio.Buffer.address: available
2021-03-30 20:39:21 DEBUG PlatformDependent0:257 - direct buffer constructor: available
2021-03-30 20:39:21 DEBUG PlatformDependent0:331 - java.nio.Bits.unaligned: available, true
2021-03-30 20:39:21 DEBUG PlatformDependent0:396 - jdk.internal.misc.Unsafe.allocateUninitializedArray(int): unavailable prior to Java9
2021-03-30 20:39:21 DEBUG PlatformDependent0:403 - java.nio.DirectByteBuffer.<init>(long, int): available
2021-03-30 20:39:21 DEBUG PlatformDependent:1071 - sun.misc.Unsafe: available
2021-03-30 20:39:21 DEBUG PlatformDependent:1192 - -Dio.netty.tmpdir: C:\Users\rajansa\AppData\Local\Temp (java.io.tmpdir)
2021-03-30 20:39:21 DEBUG PlatformDependent:1271 - -Dio.netty.bitMode: 32 (sun.arch.data.model)
2021-03-30 20:39:21 DEBUG PlatformDependent:177 - -Dio.netty.maxDirectMemory: 259522560 bytes
2021-03-30 20:39:21 DEBUG PlatformDependent:184 - -Dio.netty.uninitializedArrayAllocationThreshold: -1
2021-03-30 20:39:21 DEBUG CleanerJava6:92 - java.nio.ByteBuffer.cleaner(): available
2021-03-30 20:39:21 DEBUG PlatformDependent:204 - -Dio.netty.noPreferDirect: false
2021-03-30 20:39:21 DEBUG PlatformDependent:932 - org.jctools-core.MpscChunkedArrayQueue: available
2021-03-30 20:39:21 DEBUG InternalThreadLocalMap:56 - -Dio.netty.threadLocalMap.stringBuilder.initialSize: 1024
2021-03-30 20:39:21 DEBUG InternalThreadLocalMap:59 - -Dio.netty.threadLocalMap.stringBuilder.maxSize: 4096
2021-03-30 20:39:21 DEBUG JdkSslContext:96 - Default protocols (JDK): [TLSv1.2, TLSv1.1, TLSv1] 
2021-03-30 20:39:21 DEBUG JdkSslContext:97 - Default cipher suites (JDK): [TLS_ECDHE_ECDSA_WITH_AES_256_GCM_SHA384, TLS_ECDHE_ECDSA_WITH_AES_128_GCM_SHA256, TLS_ECDHE_RSA_WITH_AES_128_GCM_SHA256, TLS_ECDHE_RSA_WITH_AES_256_GCM_SHA384, TLS_ECDHE_RSA_WITH_AES_128_CBC_SHA, TLS_ECDHE_RSA_WITH_AES_256_CBC_SHA, TLS_RSA_WITH_AES_128_GCM_SHA256, TLS_RSA_WITH_AES_128_CBC_SHA, TLS_RSA_WITH_AES_256_CBC_SHA]
2021-03-30 20:39:21 DEBUG MultithreadEventLoopGroup:44 - -Dio.netty.eventLoopThreads: 4
2021-03-30 20:39:21 DEBUG NioEventLoop:106 - -Dio.netty.noKeySetOptimization: false
2021-03-30 20:39:21 DEBUG NioEventLoop:107 - -Dio.netty.selectorAutoRebuildThreshold: 512
2021-03-30 20:39:21 TRACE NioEventLoop:260 - instrumented a special java.util.Set into: sun.nio.ch.WindowsSelectorImpl@1280c97
2021-03-30 20:39:21 TRACE NioEventLoop:260 - instrumented a special java.util.Set into: sun.nio.ch.WindowsSelectorImpl@23d615
2021-03-30 20:39:21 TRACE NioEventLoop:260 - instrumented a special java.util.Set into: sun.nio.ch.WindowsSelectorImpl@1a23872
2021-03-30 20:39:21 TRACE NioEventLoop:260 - instrumented a special java.util.Set into: sun.nio.ch.WindowsSelectorImpl@147a73a
2021-03-30 20:39:21 DEBUG PooledByteBufAllocator:154 - -Dio.netty.allocator.numHeapArenas: 2
2021-03-30 20:39:21 DEBUG PooledByteBufAllocator:155 - -Dio.netty.allocator.numDirectArenas: 2
2021-03-30 20:39:21 DEBUG PooledByteBufAllocator:157 - -Dio.netty.allocator.pageSize: 8192
2021-03-30 20:39:21 DEBUG PooledByteBufAllocator:162 - -Dio.netty.allocator.maxOrder: 11
2021-03-30 20:39:21 DEBUG PooledByteBufAllocator:166 - -Dio.netty.allocator.chunkSize: 16777216
2021-03-30 20:39:21 DEBUG PooledByteBufAllocator:167 - -Dio.netty.allocator.smallCacheSize: 256
2021-03-30 20:39:21 DEBUG PooledByteBufAllocator:168 - -Dio.netty.allocator.normalCacheSize: 64
2021-03-30 20:39:21 DEBUG PooledByteBufAllocator:169 - -Dio.netty.allocator.maxCachedBufferCapacity: 32768
2021-03-30 20:39:21 DEBUG PooledByteBufAllocator:170 - -Dio.netty.allocator.cacheTrimInterval: 8192
2021-03-30 20:39:21 DEBUG PooledByteBufAllocator:171 - -Dio.netty.allocator.cacheTrimIntervalMillis: 0
2021-03-30 20:39:21 DEBUG PooledByteBufAllocator:172 - -Dio.netty.allocator.useCacheForAllThreads: true
2021-03-30 20:39:21 DEBUG PooledByteBufAllocator:173 - -Dio.netty.allocator.maxCachedByteBuffersPerChunk: 1023
2021-03-30 20:39:22 DEBUG ByteBufUtil:87 - -Dio.netty.allocator.type: pooled
2021-03-30 20:39:22 DEBUG ByteBufUtil:96 - -Dio.netty.threadLocalDirectBufferSize: 0
2021-03-30 20:39:22 DEBUG ByteBufUtil:99 - -Dio.netty.maxThreadLocalCharBufferSize: 16384
2021-03-30 20:39:23 DEBUG DefaultChannelId:79 - -Dio.netty.processId: 22836 (auto-detected)
2021-03-30 20:39:23 DEBUG NetUtil:139 - -Djava.net.preferIPv4Stack: false
2021-03-30 20:39:23 DEBUG NetUtil:140 - -Djava.net.preferIPv6Addresses: false
2021-03-30 20:39:23 DEBUG NetUtil:224 - Loopback interface: lo (Software Loopback Interface 1, 127.0.0.1)
2021-03-30 20:39:23 DEBUG NetUtil:289 - Failed to get SOMAXCONN from sysctl and file \proc\sys\net\core\somaxconn. Default: 200
2021-03-30 20:39:23 DEBUG DefaultChannelId:101 - -Dio.netty.machineId: 00:0d:3a:ff:fe:84:ea:31 (auto-detected)
2021-03-30 20:39:23 DEBUG AbstractByteBuf:63 - -Dio.netty.buffer.checkAccessible: true
2021-03-30 20:39:23 DEBUG AbstractByteBuf:64 - -Dio.netty.buffer.checkBounds: true
2021-03-30 20:39:23 DEBUG ResourceLeakDetectorFactory:196 - Loaded default ResourceLeakDetector: io.netty.util.ResourceLeakDetector@fa11c3
2021-03-30 20:39:23 DEBUG Recycler:100 - -Dio.netty.recycler.maxCapacityPerThread: 4096
2021-03-30 20:39:23 DEBUG Recycler:101 - -Dio.netty.recycler.maxSharedCapacityFactor: 2
2021-03-30 20:39:23 DEBUG Recycler:102 - -Dio.netty.recycler.linkCapacity: 16
2021-03-30 20:39:23 DEBUG Recycler:103 - -Dio.netty.recycler.ratio: 8
2021-03-30 20:39:23 DEBUG Recycler:104 - -Dio.netty.recycler.delayedQueue.ratio: 8
2021-03-30 20:39:25 DEBUG ThreadLocalRandom:212 - -Dio.netty.initialSeedUniquifier: 0x38ed552f5f4772c7
2021-03-30 20:39:26 INFO  TestUtility:203 - Fetching property value for : STAGE_Customer_Registration_Page_URL
2021-03-30 20:39:26 INFO  TestUtility:220 - Opening URL : https://stage.register.jhancock.com/Registration-WAR/registerNow?registrationEntryPoint=13&appName=LTCPortal
2021-03-30 20:39:29 INFO  TestUtility:222 - Opened URL successfully
2021-03-30 20:39:29 INFO  TestUtility:93 - Comparing texts for :Customer_Registration_Page_Title
2021-03-30 20:39:29 INFO  TestUtility:203 - Fetching property value for : Customer_Registration_Page_Title
2021-03-30 20:39:29 INFO  TestUtility:102 - Expected Text : Register with us
2021-03-30 20:39:29 INFO  TestUtility:103 - Actual Text   : Register with us
2021-03-30 20:39:29 INFO  TestUtility:106 - Text for Customer_Registration_Page_Title match.
2021-03-30 20:39:31 INFO  Interaction:265 - Set Element Text : [[EdgeDriver: msedge on WINDOWS (7080062e88566f3dfd79d701d361a02b)] -> xpath: .//*[@id='pnum']]set to value : 9319700 using setElementTextByJS()
2021-03-30 20:39:31 INFO  Interaction:173 - Element found in 1.0 seconds !!
2021-03-30 20:39:31 INFO  Interaction:175 - Element is visible on webpage.
2021-03-30 20:39:31 INFO  Interaction:137 - Set [[EdgeDriver: msedge on WINDOWS (7080062e88566f3dfd79d701d361a02b)] -> xpath: .//*[contains(text(),"Insured's First Name")]/following::input[1]] with text : Robert
2021-03-30 20:39:32 INFO  Interaction:173 - Element found in 1.0 seconds !!
2021-03-30 20:39:32 INFO  Interaction:175 - Element is visible on webpage.
2021-03-30 20:39:32 INFO  Interaction:137 - Set [[EdgeDriver: msedge on WINDOWS (7080062e88566f3dfd79d701d361a02b)] -> xpath: .//*[contains(text(),"Insured's Last Name")]/following::input[1]] with text : Mazur
2021-03-30 20:39:33 INFO  Interaction:265 - Set Element Text : [[EdgeDriver: msedge on WINDOWS (7080062e88566f3dfd79d701d361a02b)] -> xpath: .//*[@id='dob']]set to value : 01/28/1925 using setElementTextByJS()
2021-03-30 20:39:33 INFO  Interaction:265 - Set Element Text : [[EdgeDriver: msedge on WINDOWS (7080062e88566f3dfd79d701d361a02b)] -> xpath: .//*[@id='ssn']]set to value : 6660 using setElementTextByJS()
2021-03-30 20:39:33 INFO  Interaction:173 - Element found in 1.0 seconds !!
2021-03-30 20:39:33 INFO  Interaction:175 - Element is visible on webpage.
2021-03-30 20:39:34 INFO  Interaction:137 - Set [[EdgeDriver: msedge on WINDOWS (7080062e88566f3dfd79d701d361a02b)] -> xpath: .//*[contains(text(),'Daytime')]//parent::div//child::input] with text : 1234567890
2021-03-30 20:39:34 INFO  Interaction:173 - Element found in 1.0 seconds !!
2021-03-30 20:39:34 INFO  Interaction:175 - Element is visible on webpage.
2021-03-30 20:39:34 INFO  Interaction:137 - Set [[EdgeDriver: msedge on WINDOWS (7080062e88566f3dfd79d701d361a02b)] -> xpath: .//*[@id='email']] with text : ltcportal.user+25010046@gmail.com
2021-03-30 20:39:35 INFO  Interaction:173 - Element found in 1.0 seconds !!
2021-03-30 20:39:35 INFO  Interaction:175 - Element is visible on webpage.
2021-03-30 20:39:35 INFO  Interaction:137 - Set [[EdgeDriver: msedge on WINDOWS (7080062e88566f3dfd79d701d361a02b)] -> xpath: .//*[@id='confirmEmail']] with text : ltcportal.user+25010046@gmail.com
2021-03-30 20:39:36 INFO  Interaction:173 - Element found in 1.0 seconds !!
2021-03-30 20:39:36 INFO  Interaction:175 - Element is visible on webpage.
2021-03-30 20:39:36 INFO  Interaction:137 - Set [[EdgeDriver: msedge on WINDOWS (7080062e88566f3dfd79d701d361a02b)] -> xpath: .//*[@id='userName']] with text : R25InsuredMazur
2021-03-30 20:39:36 INFO  Interaction:173 - Element found in 1.0 seconds !!
2021-03-30 20:39:36 INFO  Interaction:175 - Element is visible on webpage.
2021-03-30 20:39:37 INFO  Interaction:137 - Set [[EdgeDriver: msedge on WINDOWS (7080062e88566f3dfd79d701d361a02b)] -> xpath: .//*[@id='password']] with text : Temp@#123
2021-03-30 20:39:37 INFO  Interaction:173 - Element found in 1.0 seconds !!
2021-03-30 20:39:37 INFO  Interaction:175 - Element is visible on webpage.
2021-03-30 20:39:37 INFO  Interaction:137 - Set [[EdgeDriver: msedge on WINDOWS (7080062e88566f3dfd79d701d361a02b)] -> xpath: .//*[@id='cpassword']] with text : Temp@#123
2021-03-30 20:39:38 INFO  Interaction:173 - Element found in 1.0 seconds !!
2021-03-30 20:39:38 INFO  Interaction:175 - Element is visible on webpage.
2021-03-30 20:39:38 INFO  Interaction:137 - Set [[EdgeDriver: msedge on WINDOWS (7080062e88566f3dfd79d701d361a02b)] -> xpath: .//*[@id='answer1']] with text : test
2021-03-30 20:39:39 INFO  Interaction:173 - Element found in 1.0 seconds !!
2021-03-30 20:39:39 INFO  Interaction:175 - Element is visible on webpage.
2021-03-30 20:39:39 INFO  Interaction:137 - Set [[EdgeDriver: msedge on WINDOWS (7080062e88566f3dfd79d701d361a02b)] -> xpath: .//*[@id='answer2']] with text : test
2021-03-30 20:39:39 INFO  Interaction:173 - Element found in 1.0 seconds !!
2021-03-30 20:39:39 INFO  Interaction:175 - Element is visible on webpage.
2021-03-30 20:39:39 INFO  Interaction:137 - Set [[EdgeDriver: msedge on WINDOWS (7080062e88566f3dfd79d701d361a02b)] -> xpath: .//*[@id='answer3']] with text : test
2021-03-30 20:39:40 INFO  Interaction:84 - Clicked Element[[EdgeDriver: msedge on WINDOWS (7080062e88566f3dfd79d701d361a02b)] -> xpath: //button[@id='submitBtn']]
2021-03-30 20:39:51 INFO  Interaction:173 - Element found in 1.0 seconds !!
2021-03-30 20:40:12 ERROR Interaction:187 - 
Element is not present after waiting for :20 seconds.
2021-03-30 20:40:12 INFO  Interaction:173 - Element found in 1.0 seconds !!
2021-03-30 20:40:33 ERROR Interaction:187 - 
Element is not present after waiting for :20 seconds.
2021-03-30 20:41:19 TRACE WebSocket08FrameEncoder:130 - Encoding WebSocket Frame opCode=8 length=26
2021-03-30 20:41:20 INFO  DriverManager:38 - Quit Web Driver : Successful
2021-03-30 20:41:21 DEBUG cache:45 - Couldn't find template in cache for "spark/spark.spa.ftl"("en_US", UTF-8, parsed); will try to load it.
2021-03-30 20:41:21 DEBUG cache:45 - TemplateLoader.findTemplateSource("spark/spark.spa_en_US.ftl"): Not found
2021-03-30 20:41:21 DEBUG cache:45 - TemplateLoader.findTemplateSource("spark/spark.spa_en.ftl"): Not found
2021-03-30 20:41:21 DEBUG cache:45 - TemplateLoader.findTemplateSource("spark/spark.spa.ftl"): Found
2021-03-30 20:41:21 DEBUG cache:45 - Loading template for "spark/spark.spa.ftl"("en_US", UTF-8, parsed) from "jar:file:/C:/Users/rajansa/.m2/repository/com/aventstack/extentreports/5.0.6/extentreports-5.0.6.jar!/com/aventstack/extentreports/templates/spark/spark.spa.ftl"
2021-03-30 20:41:21 DEBUG cache:45 - Couldn't find template in cache for "commons/commons-variables.ftl"("en_US", UTF-8, parsed); will try to load it.
2021-03-30 20:41:21 DEBUG cache:45 - TemplateLoader.findTemplateSource("commons/commons-variables_en_US.ftl"): Not found
2021-03-30 20:41:21 DEBUG cache:45 - TemplateLoader.findTemplateSource("commons/commons-variables_en.ftl"): Not found
2021-03-30 20:41:21 DEBUG cache:45 - TemplateLoader.findTemplateSource("commons/commons-variables.ftl"): Found
2021-03-30 20:41:21 DEBUG cache:45 - Loading template for "commons/commons-variables.ftl"("en_US", UTF-8, parsed) from "jar:file:/C:/Users/rajansa/.m2/repository/com/aventstack/extentreports/5.0.6/extentreports-5.0.6.jar!/com/aventstack/extentreports/templates/commons/commons-variables.ftl"
2021-03-30 20:41:21 DEBUG cache:45 - Couldn't find template in cache for "commons/commons-macros.ftl"("en_US", UTF-8, parsed); will try to load it.
2021-03-30 20:41:21 DEBUG cache:45 - TemplateLoader.findTemplateSource("commons/commons-macros_en_US.ftl"): Not found
2021-03-30 20:41:21 DEBUG cache:45 - TemplateLoader.findTemplateSource("commons/commons-macros_en.ftl"): Not found
2021-03-30 20:41:21 DEBUG cache:45 - TemplateLoader.findTemplateSource("commons/commons-macros.ftl"): Found
2021-03-30 20:41:21 DEBUG cache:45 - Loading template for "commons/commons-macros.ftl"("en_US", UTF-8, parsed) from "jar:file:/C:/Users/rajansa/.m2/repository/com/aventstack/extentreports/5.0.6/extentreports-5.0.6.jar!/com/aventstack/extentreports/templates/commons/commons-macros.ftl"
2021-03-30 20:41:21 DEBUG cache:45 - Couldn't find template in cache for "spark/macros/attributes.ftl"("en_US", UTF-8, parsed); will try to load it.
2021-03-30 20:41:21 DEBUG cache:45 - TemplateLoader.findTemplateSource("spark/macros/attributes_en_US.ftl"): Not found
2021-03-30 20:41:21 DEBUG cache:45 - TemplateLoader.findTemplateSource("spark/macros/attributes_en.ftl"): Not found
2021-03-30 20:41:21 DEBUG cache:45 - TemplateLoader.findTemplateSource("spark/macros/attributes.ftl"): Found
2021-03-30 20:41:21 DEBUG cache:45 - Loading template for "spark/macros/attributes.ftl"("en_US", UTF-8, parsed) from "jar:file:/C:/Users/rajansa/.m2/repository/com/aventstack/extentreports/5.0.6/extentreports-5.0.6.jar!/com/aventstack/extentreports/templates/spark/macros/attributes.ftl"
2021-03-30 20:41:21 DEBUG cache:45 - Couldn't find template in cache for "spark/macros/log.ftl"("en_US", UTF-8, parsed); will try to load it.
2021-03-30 20:41:21 DEBUG cache:45 - TemplateLoader.findTemplateSource("spark/macros/log_en_US.ftl"): Not found
2021-03-30 20:41:21 DEBUG cache:45 - TemplateLoader.findTemplateSource("spark/macros/log_en.ftl"): Not found
2021-03-30 20:41:21 DEBUG cache:45 - TemplateLoader.findTemplateSource("spark/macros/log.ftl"): Found
2021-03-30 20:41:21 DEBUG cache:45 - Loading template for "spark/macros/log.ftl"("en_US", UTF-8, parsed) from "jar:file:/C:/Users/rajansa/.m2/repository/com/aventstack/extentreports/5.0.6/extentreports-5.0.6.jar!/com/aventstack/extentreports/templates/spark/macros/log.ftl"
2021-03-30 20:41:21 DEBUG cache:45 - Couldn't find template in cache for "spark/macros/recurse_nodes.ftl"("en_US", UTF-8, parsed); will try to load it.
2021-03-30 20:41:21 DEBUG cache:45 - TemplateLoader.findTemplateSource("spark/macros/recurse_nodes_en_US.ftl"): Not found
2021-03-30 20:41:21 DEBUG cache:45 - TemplateLoader.findTemplateSource("spark/macros/recurse_nodes_en.ftl"): Not found
2021-03-30 20:41:21 DEBUG cache:45 - TemplateLoader.findTemplateSource("spark/macros/recurse_nodes.ftl"): Found
2021-03-30 20:41:21 DEBUG cache:45 - Loading template for "spark/macros/recurse_nodes.ftl"("en_US", UTF-8, parsed) from "jar:file:/C:/Users/rajansa/.m2/repository/com/aventstack/extentreports/5.0.6/extentreports-5.0.6.jar!/com/aventstack/extentreports/templates/spark/macros/recurse_nodes.ftl"
2021-03-30 20:41:21 DEBUG cache:45 - "spark/macros/log.ftl"("en_US", UTF-8, parsed) cached copy not yet stale; using cached.
2021-03-30 20:41:21 DEBUG cache:45 - Couldn't find template in cache for "spark/macros/attr-common.ftl"("en_US", UTF-8, parsed); will try to load it.
2021-03-30 20:41:21 DEBUG cache:45 - TemplateLoader.findTemplateSource("spark/macros/attr-common_en_US.ftl"): Not found
2021-03-30 20:41:21 DEBUG cache:45 - TemplateLoader.findTemplateSource("spark/macros/attr-common_en.ftl"): Not found
2021-03-30 20:41:21 DEBUG cache:45 - TemplateLoader.findTemplateSource("spark/macros/attr-common.ftl"): Found
2021-03-30 20:41:21 DEBUG cache:45 - Loading template for "spark/macros/attr-common.ftl"("en_US", UTF-8, parsed) from "jar:file:/C:/Users/rajansa/.m2/repository/com/aventstack/extentreports/5.0.6/extentreports-5.0.6.jar!/com/aventstack/extentreports/templates/spark/macros/attr-common.ftl"
2021-03-30 20:41:21 DEBUG cache:45 - Couldn't find template in cache for "spark/partials/head.ftl"("en_US", UTF-8, parsed); will try to load it.
2021-03-30 20:41:21 DEBUG cache:45 - TemplateLoader.findTemplateSource("spark/partials/head_en_US.ftl"): Not found
2021-03-30 20:41:21 DEBUG cache:45 - TemplateLoader.findTemplateSource("spark/partials/head_en.ftl"): Not found
2021-03-30 20:41:21 DEBUG cache:45 - TemplateLoader.findTemplateSource("spark/partials/head.ftl"): Found
2021-03-30 20:41:21 DEBUG cache:45 - Loading template for "spark/partials/head.ftl"("en_US", UTF-8, parsed) from "jar:file:/C:/Users/rajansa/.m2/repository/com/aventstack/extentreports/5.0.6/extentreports-5.0.6.jar!/com/aventstack/extentreports/templates/spark/partials/head.ftl"
2021-03-30 20:41:21 DEBUG cache:45 - Couldn't find template in cache for "commons/commons-inject-css.ftl"("en_US", UTF-8, parsed); will try to load it.
2021-03-30 20:41:21 DEBUG cache:45 - TemplateLoader.findTemplateSource("commons/commons-inject-css_en_US.ftl"): Not found
2021-03-30 20:41:21 DEBUG cache:45 - TemplateLoader.findTemplateSource("commons/commons-inject-css_en.ftl"): Not found
2021-03-30 20:41:21 DEBUG cache:45 - TemplateLoader.findTemplateSource("commons/commons-inject-css.ftl"): Found
2021-03-30 20:41:21 DEBUG cache:45 - Loading template for "commons/commons-inject-css.ftl"("en_US", UTF-8, parsed) from "jar:file:/C:/Users/rajansa/.m2/repository/com/aventstack/extentreports/5.0.6/extentreports-5.0.6.jar!/com/aventstack/extentreports/templates/commons/commons-inject-css.ftl"
2021-03-30 20:41:21 DEBUG cache:45 - Couldn't find template in cache for "spark/partials/navbar.ftl"("en_US", UTF-8, parsed); will try to load it.
2021-03-30 20:41:21 DEBUG cache:45 - TemplateLoader.findTemplateSource("spark/partials/navbar_en_US.ftl"): Not found
2021-03-30 20:41:21 DEBUG cache:45 - TemplateLoader.findTemplateSource("spark/partials/navbar_en.ftl"): Not found
2021-03-30 20:41:21 DEBUG cache:45 - TemplateLoader.findTemplateSource("spark/partials/navbar.ftl"): Found
2021-03-30 20:41:21 DEBUG cache:45 - Loading template for "spark/partials/navbar.ftl"("en_US", UTF-8, parsed) from "jar:file:/C:/Users/rajansa/.m2/repository/com/aventstack/extentreports/5.0.6/extentreports-5.0.6.jar!/com/aventstack/extentreports/templates/spark/partials/navbar.ftl"
2021-03-30 20:41:21 DEBUG cache:45 - Couldn't find template in cache for "spark/partials/sidenav.ftl"("en_US", UTF-8, parsed); will try to load it.
2021-03-30 20:41:21 DEBUG cache:45 - TemplateLoader.findTemplateSource("spark/partials/sidenav_en_US.ftl"): Not found
2021-03-30 20:41:21 DEBUG cache:45 - TemplateLoader.findTemplateSource("spark/partials/sidenav_en.ftl"): Not found
2021-03-30 20:41:21 DEBUG cache:45 - TemplateLoader.findTemplateSource("spark/partials/sidenav.ftl"): Found
2021-03-30 20:41:21 DEBUG cache:45 - Loading template for "spark/partials/sidenav.ftl"("en_US", UTF-8, parsed) from "jar:file:/C:/Users/rajansa/.m2/repository/com/aventstack/extentreports/5.0.6/extentreports-5.0.6.jar!/com/aventstack/extentreports/templates/spark/partials/sidenav.ftl"
2021-03-30 20:41:21 DEBUG cache:45 - Couldn't find template in cache for "spark/partials/dashboard.ftl"("en_US", UTF-8, parsed); will try to load it.
2021-03-30 20:41:21 DEBUG cache:45 - TemplateLoader.findTemplateSource("spark/partials/dashboard_en_US.ftl"): Not found
2021-03-30 20:41:21 DEBUG cache:45 - TemplateLoader.findTemplateSource("spark/partials/dashboard_en.ftl"): Not found
2021-03-30 20:41:21 DEBUG cache:45 - TemplateLoader.findTemplateSource("spark/partials/dashboard.ftl"): Found
2021-03-30 20:41:21 DEBUG cache:45 - Loading template for "spark/partials/dashboard.ftl"("en_US", UTF-8, parsed) from "jar:file:/C:/Users/rajansa/.m2/repository/com/aventstack/extentreports/5.0.6/extentreports-5.0.6.jar!/com/aventstack/extentreports/templates/spark/partials/dashboard.ftl"
2021-03-30 20:41:21 DEBUG cache:45 - Couldn't find template in cache for "spark/partials/test.ftl"("en_US", UTF-8, parsed); will try to load it.
2021-03-30 20:41:21 DEBUG cache:45 - TemplateLoader.findTemplateSource("spark/partials/test_en_US.ftl"): Not found
2021-03-30 20:41:21 DEBUG cache:45 - TemplateLoader.findTemplateSource("spark/partials/test_en.ftl"): Not found
2021-03-30 20:41:21 DEBUG cache:45 - TemplateLoader.findTemplateSource("spark/partials/test.ftl"): Found
2021-03-30 20:41:21 DEBUG cache:45 - Loading template for "spark/partials/test.ftl"("en_US", UTF-8, parsed) from "jar:file:/C:/Users/rajansa/.m2/repository/com/aventstack/extentreports/5.0.6/extentreports-5.0.6.jar!/com/aventstack/extentreports/templates/spark/partials/test.ftl"
2021-03-30 20:41:21 DEBUG cache:45 - Couldn't find template in cache for "spark/partials/bdd-content.ftl"("en_US", UTF-8, parsed); will try to load it.
2021-03-30 20:41:21 DEBUG cache:45 - TemplateLoader.findTemplateSource("spark/partials/bdd-content_en_US.ftl"): Not found
2021-03-30 20:41:21 DEBUG cache:45 - TemplateLoader.findTemplateSource("spark/partials/bdd-content_en.ftl"): Not found
2021-03-30 20:41:21 DEBUG cache:45 - TemplateLoader.findTemplateSource("spark/partials/bdd-content.ftl"): Found
2021-03-30 20:41:21 DEBUG cache:45 - Loading template for "spark/partials/bdd-content.ftl"("en_US", UTF-8, parsed) from "jar:file:/C:/Users/rajansa/.m2/repository/com/aventstack/extentreports/5.0.6/extentreports-5.0.6.jar!/com/aventstack/extentreports/templates/spark/partials/bdd-content.ftl"
2021-03-30 20:41:21 DEBUG cache:45 - Couldn't find template in cache for "spark/partials/category.ftl"("en_US", UTF-8, parsed); will try to load it.
2021-03-30 20:41:21 DEBUG cache:45 - TemplateLoader.findTemplateSource("spark/partials/category_en_US.ftl"): Not found
2021-03-30 20:41:21 DEBUG cache:45 - TemplateLoader.findTemplateSource("spark/partials/category_en.ftl"): Not found
2021-03-30 20:41:21 DEBUG cache:45 - TemplateLoader.findTemplateSource("spark/partials/category.ftl"): Found
2021-03-30 20:41:21 DEBUG cache:45 - Loading template for "spark/partials/category.ftl"("en_US", UTF-8, parsed) from "jar:file:/C:/Users/rajansa/.m2/repository/com/aventstack/extentreports/5.0.6/extentreports-5.0.6.jar!/com/aventstack/extentreports/templates/spark/partials/category.ftl"
2021-03-30 20:41:21 DEBUG cache:45 - Couldn't find template in cache for "spark/partials/exception.ftl"("en_US", UTF-8, parsed); will try to load it.
2021-03-30 20:41:21 DEBUG cache:45 - TemplateLoader.findTemplateSource("spark/partials/exception_en_US.ftl"): Not found
2021-03-30 20:41:21 DEBUG cache:45 - TemplateLoader.findTemplateSource("spark/partials/exception_en.ftl"): Not found
2021-03-30 20:41:21 DEBUG cache:45 - TemplateLoader.findTemplateSource("spark/partials/exception.ftl"): Found
2021-03-30 20:41:21 DEBUG cache:45 - Loading template for "spark/partials/exception.ftl"("en_US", UTF-8, parsed) from "jar:file:/C:/Users/rajansa/.m2/repository/com/aventstack/extentreports/5.0.6/extentreports-5.0.6.jar!/com/aventstack/extentreports/templates/spark/partials/exception.ftl"
2021-03-30 20:41:21 DEBUG cache:45 - Couldn't find template in cache for "spark/partials/author.ftl"("en_US", UTF-8, parsed); will try to load it.
2021-03-30 20:41:21 DEBUG cache:45 - TemplateLoader.findTemplateSource("spark/partials/author_en_US.ftl"): Not found
2021-03-30 20:41:21 DEBUG cache:45 - TemplateLoader.findTemplateSource("spark/partials/author_en.ftl"): Not found
2021-03-30 20:41:21 DEBUG cache:45 - TemplateLoader.findTemplateSource("spark/partials/author.ftl"): Found
2021-03-30 20:41:21 DEBUG cache:45 - Loading template for "spark/partials/author.ftl"("en_US", UTF-8, parsed) from "jar:file:/C:/Users/rajansa/.m2/repository/com/aventstack/extentreports/5.0.6/extentreports-5.0.6.jar!/com/aventstack/extentreports/templates/spark/partials/author.ftl"
2021-03-30 20:41:21 DEBUG cache:45 - Couldn't find template in cache for "spark/partials/device.ftl"("en_US", UTF-8, parsed); will try to load it.
2021-03-30 20:41:21 DEBUG cache:45 - TemplateLoader.findTemplateSource("spark/partials/device_en_US.ftl"): Not found
2021-03-30 20:41:21 DEBUG cache:45 - TemplateLoader.findTemplateSource("spark/partials/device_en.ftl"): Not found
2021-03-30 20:41:21 DEBUG cache:45 - TemplateLoader.findTemplateSource("spark/partials/device.ftl"): Found
2021-03-30 20:41:21 DEBUG cache:45 - Loading template for "spark/partials/device.ftl"("en_US", UTF-8, parsed) from "jar:file:/C:/Users/rajansa/.m2/repository/com/aventstack/extentreports/5.0.6/extentreports-5.0.6.jar!/com/aventstack/extentreports/templates/spark/partials/device.ftl"
2021-03-30 20:41:21 DEBUG cache:45 - Couldn't find template in cache for "spark/partials/log.ftl"("en_US", UTF-8, parsed); will try to load it.
2021-03-30 20:41:21 DEBUG cache:45 - TemplateLoader.findTemplateSource("spark/partials/log_en_US.ftl"): Not found
2021-03-30 20:41:21 DEBUG cache:45 - TemplateLoader.findTemplateSource("spark/partials/log_en.ftl"): Not found
2021-03-30 20:41:21 DEBUG cache:45 - TemplateLoader.findTemplateSource("spark/partials/log.ftl"): Found
2021-03-30 20:41:21 DEBUG cache:45 - Loading template for "spark/partials/log.ftl"("en_US", UTF-8, parsed) from "jar:file:/C:/Users/rajansa/.m2/repository/com/aventstack/extentreports/5.0.6/extentreports-5.0.6.jar!/com/aventstack/extentreports/templates/spark/partials/log.ftl"
2021-03-30 20:41:21 DEBUG cache:45 - Couldn't find template in cache for "spark/partials/scripts.ftl"("en_US", UTF-8, parsed); will try to load it.
2021-03-30 20:41:21 DEBUG cache:45 - TemplateLoader.findTemplateSource("spark/partials/scripts_en_US.ftl"): Not found
2021-03-30 20:41:21 DEBUG cache:45 - TemplateLoader.findTemplateSource("spark/partials/scripts_en.ftl"): Not found
2021-03-30 20:41:21 DEBUG cache:45 - TemplateLoader.findTemplateSource("spark/partials/scripts.ftl"): Found
2021-03-30 20:41:21 DEBUG cache:45 - Loading template for "spark/partials/scripts.ftl"("en_US", UTF-8, parsed) from "jar:file:/C:/Users/rajansa/.m2/repository/com/aventstack/extentreports/5.0.6/extentreports-5.0.6.jar!/com/aventstack/extentreports/templates/spark/partials/scripts.ftl"
2021-03-30 20:41:21 DEBUG cache:45 - Couldn't find template in cache for "commons/commons-inject-js.ftl"("en_US", UTF-8, parsed); will try to load it.
2021-03-30 20:41:21 DEBUG cache:45 - TemplateLoader.findTemplateSource("commons/commons-inject-js_en_US.ftl"): Not found
2021-03-30 20:41:21 DEBUG cache:45 - TemplateLoader.findTemplateSource("commons/commons-inject-js_en.ftl"): Not found
2021-03-30 20:41:21 DEBUG cache:45 - TemplateLoader.findTemplateSource("commons/commons-inject-js.ftl"): Found
2021-03-30 20:41:21 DEBUG cache:45 - Loading template for "commons/commons-inject-js.ftl"("en_US", UTF-8, parsed) from "jar:file:/C:/Users/rajansa/.m2/repository/com/aventstack/extentreports/5.0.6/extentreports-5.0.6.jar!/com/aventstack/extentreports/templates/commons/commons-inject-js.ftl"
2021-03-30 20:41:21 DEBUG PoolThreadCache:229 - Freed 3 thread-local buffer(s) from thread: AsyncHttpClient-1-5
2021-03-30 20:41:21 DEBUG PoolThreadCache:229 - Freed 2 thread-local buffer(s) from thread: AsyncHttpClient-1-3
